Сборка начата 29.10.2018 11:18:09.
     1>Проект "C:\Users\Мария\Desktop\Class_string\Class_string\Class_string.vcxproj" в узле 2 (целевые объекты Build).
     1>ClCompile:
         C:\Program Files (x86)\Microsoft Visual Studio 12.0\VC\bin\CL.exe /c /ZI /nologo /W3 /WX- /Od /Oy- /D WIN32 /D _DEBUG /D _CONSOLE /D _LIB /D _UNICODE /D UNICODE /Gm /EHsc /RTC1 /MDd /GS /fp:precise /Zc:wchar_t /Zc:forScope /Yu"stdafx.h" /Fp"Debug\Class_string.pch" /Fo"Debug\\" /Fd"Debug\vc120.pdb" /Gd /TP /analyze- /errorReport:prompt Class_string.cpp MyString.cpp
         MyString.cpp
     1>c:\users\мария\desktop\class_string\class_string\mystring.cpp(13): warning C4018: <: несоответствие типов со знаком и без знака
     1>c:\users\мария\desktop\class_string\class_string\mystring.cpp(25): warning C4018: <: несоответствие типов со знаком и без знака
     1>c:\users\мария\desktop\class_string\class_string\mystring.cpp(45): warning C4018: <: несоответствие типов со знаком и без знака
     1>c:\users\мария\desktop\class_string\class_string\mystring.cpp(57): warning C4996: 'strncpy': This function or variable may be unsafe. Consider using strncpy_s instead. To disable deprecation, use _CRT_SECURE_NO_WARNINGS. See online help for details.
                 c:\program files (x86)\microsoft visual studio 12.0\vc\include\string.h(195): см. объявление "strncpy"
     1>c:\users\мария\desktop\class_string\class_string\mystring.cpp(59): warning C4996: 'strcat': This function or variable may be unsafe. Consider using strcat_s instead. To disable deprecation, use _CRT_SECURE_NO_WARNINGS. See online help for details.
                 c:\program files (x86)\microsoft visual studio 12.0\vc\include\string.h(118): см. объявление "strcat"
     1>c:\users\мария\desktop\class_string\class_string\mystring.cpp(60): warning C4996: 'strncpy': This function or variable may be unsafe. Consider using strncpy_s instead. To disable deprecation, use _CRT_SECURE_NO_WARNINGS. See online help for details.
                 c:\program files (x86)\microsoft visual studio 12.0\vc\include\string.h(195): см. объявление "strncpy"
     1>c:\users\мария\desktop\class_string\class_string\mystring.cpp(62): warning C4996: 'strcat': This function or variable may be unsafe. Consider using strcat_s instead. To disable deprecation, use _CRT_SECURE_NO_WARNINGS. See online help for details.
                 c:\program files (x86)\microsoft visual studio 12.0\vc\include\string.h(118): см. объявление "strcat"
     1>c:\users\мария\desktop\class_string\class_string\mystring.cpp(74): warning C4996: 'strncpy': This function or variable may be unsafe. Consider using strncpy_s instead. To disable deprecation, use _CRT_SECURE_NO_WARNINGS. See online help for details.
                 c:\program files (x86)\microsoft visual studio 12.0\vc\include\string.h(195): см. объявление "strncpy"
     1>c:\users\мария\desktop\class_string\class_string\mystring.cpp(76): warning C4996: 'strcat': This function or variable may be unsafe. Consider using strcat_s instead. To disable deprecation, use _CRT_SECURE_NO_WARNINGS. See online help for details.
                 c:\program files (x86)\microsoft visual studio 12.0\vc\include\string.h(118): см. объявление "strcat"
     1>c:\users\мария\desktop\class_string\class_string\mystring.cpp(77): warning C4996: 'strncpy': This function or variable may be unsafe. Consider using strncpy_s instead. To disable deprecation, use _CRT_SECURE_NO_WARNINGS. See online help for details.
                 c:\program files (x86)\microsoft visual studio 12.0\vc\include\string.h(195): см. объявление "strncpy"
     1>c:\users\мария\desktop\class_string\class_string\mystring.cpp(79): warning C4996: 'strcat': This function or variable may be unsafe. Consider using strcat_s instead. To disable deprecation, use _CRT_SECURE_NO_WARNINGS. See online help for details.
                 c:\program files (x86)\microsoft visual studio 12.0\vc\include\string.h(118): см. объявление "strcat"
     1>c:\users\мария\desktop\class_string\class_string\mystring.cpp(88): warning C4996: 'strncpy': This function or variable may be unsafe. Consider using strncpy_s instead. To disable deprecation, use _CRT_SECURE_NO_WARNINGS. See online help for details.
                 c:\program files (x86)\microsoft visual studio 12.0\vc\include\string.h(195): см. объявление "strncpy"
     1>c:\users\мария\desktop\class_string\class_string\mystring.cpp(90): warning C4996: 'strcat': This function or variable may be unsafe. Consider using strcat_s instead. To disable deprecation, use _CRT_SECURE_NO_WARNINGS. See online help for details.
                 c:\program files (x86)\microsoft visual studio 12.0\vc\include\string.h(118): см. объявление "strcat"
     1>c:\users\мария\desktop\class_string\class_string\mystring.cpp(91): warning C4996: 'strncpy': This function or variable may be unsafe. Consider using strncpy_s instead. To disable deprecation, use _CRT_SECURE_NO_WARNINGS. See online help for details.
                 c:\program files (x86)\microsoft visual studio 12.0\vc\include\string.h(195): см. объявление "strncpy"
     1>c:\users\мария\desktop\class_string\class_string\mystring.cpp(93): warning C4996: 'strcat': This function or variable may be unsafe. Consider using strcat_s instead. To disable deprecation, use _CRT_SECURE_NO_WARNINGS. See online help for details.
                 c:\program files (x86)\microsoft visual studio 12.0\vc\include\string.h(118): см. объявление "strcat"
     1>c:\users\мария\desktop\class_string\class_string\mystring.cpp(102): warning C4018: <: несоответствие типов со знаком и без знака
     1>c:\users\мария\desktop\class_string\class_string\mystring.cpp(109): warning C4018: <: несоответствие типов со знаком и без знака
     1>c:\users\мария\desktop\class_string\class_string\mystring.cpp(113): warning C4018: <: несоответствие типов со знаком и без знака
     1>c:\users\мария\desktop\class_string\class_string\mystring.cpp(100): warning C4101: Size: неиспользованная локальная переменная
     1>c:\users\мария\desktop\class_string\class_string\mystring.cpp(100): warning C4101: Size3: неиспользованная локальная переменная
     1>c:\users\мария\desktop\class_string\class_string\mystring.cpp(153): warning C4018: <: несоответствие типов со знаком и без знака
     1>c:\program files (x86)\microsoft visual studio 12.0\vc\include\xutility(2132): warning C4996: 'std::_Copy_impl': Function call with parameters that may be unsafe - this call relies on the caller to check that the passed values are correct. To disable this warning, use -D_SCL_SECURE_NO_WARNINGS. See documentation on how to use Visual C++ 'Checked Iterators'
                 c:\program files (x86)\microsoft visual studio 12.0\vc\include\xutility(2113): см. объявление "std::_Copy_impl"
                 c:\users\мария\desktop\class_string\class_string\mystring.cpp(19): см. ссылку на создание экземпляров функции шаблон при компиляции "_OutIt std::copy<std::_String_iterator<std::_String_val<std::_Simple_types<char>>>,char*>(_InIt,_InIt,_OutIt)"
                 with
                 [
                     _OutIt=char *
         ,            _InIt=std::_String_iterator<std::_String_val<std::_Simple_types<char>>>
                 ]
         Class_string.cpp
         Создание кода...
     1>c:\users\мария\desktop\class_string\class_string\mystring.cpp(132): warning C4715: MyString::operator=: значение возвращается не при всех путях выполнения
     1>c:\users\мария\desktop\class_string\class_string\mystring.cpp(97): warning C4715: MyString::operator+: значение возвращается не при всех путях выполнения
       Link:
         C:\Program Files (x86)\Microsoft Visual Studio 12.0\VC\bin\link.exe /ERRORREPORT:PROMPT /OUT:"C:\Users\Мария\Desktop\Class_string\Debug\Class_string.exe" /INCREMENTAL /NOLOGO kernel32.lib user32.lib gdi32.lib winspool.lib comdlg32.lib advapi32.lib shell32.lib ole32.lib oleaut32.lib uuid.lib odbc32.lib odbccp32.lib /MANIFEST /MANIFESTUAC:"level='asInvoker' uiAccess='false'" /manifest:embed /DEBUG /PDB:"C:\Users\Мария\Desktop\Class_string\Debug\Class_string.pdb" /SUBSYSTEM:CONSOLE /TLBID:1 /DYNAMICBASE /NXCOMPAT /IMPLIB:"C:\Users\Мария\Desktop\Class_string\Debug\Class_string.lib" /MACHINE:X86 Debug\Class_string.obj
         Debug\MyString.obj
         Debug\stdafx.obj
         Class_string.vcxproj -> C:\Users\Мария\Desktop\Class_string\Debug\Class_string.exe
     1>Сборка проекта "C:\Users\Мария\Desktop\Class_string\Class_string\Class_string.vcxproj" завершена (целевые объекты Build).

Сборка успешно завершена.

Затраченное время: 00:00:01.62
